<?xml version="1.0" encoding="UTF-8"?>
<testsuite xmlns:xsi="http://www.w3.org/2001/XMLSchema-instance" xsi:noNamespaceSchemaLocation="https://maven.apache.org/surefire/maven-surefire-plugin/xsd/surefire-test-report-3.0.xsd" version="3.0" name="com.project.AppTest" time="0.027" tests="1" errors="0" skipped="0" failures="0">
  <properties>
    <property name="java.specification.version" value="17"/>
    <property name="sun.cpu.isalist" value="amd64"/>
    <property name="sun.jnu.encoding" value="GBK"/>
    <property name="java.class.path" value="E:\mood 2024.6.04 CYH\target\test-classes;E:\mood 2024.6.04 CYH\target\classes;E:\repository\junit\junit\4.13.2\junit-4.13.2.jar;E:\repository\org\hamcrest\hamcrest-core\2.2\hamcrest-core-2.2.jar;E:\repository\org\hamcrest\hamcrest\2.2\hamcrest-2.2.jar;E:\repository\org\springframework\boot\spring-boot-starter\3.1.3\spring-boot-starter-3.1.3.jar;E:\repository\org\springframework\boot\spring-boot\3.1.3\spring-boot-3.1.3.jar;E:\repository\org\springframework\spring-context\6.0.11\spring-context-6.0.11.jar;E:\repository\org\springframework\boot\spring-boot-autoconfigure\3.1.3\spring-boot-autoconfigure-3.1.3.jar;E:\repository\org\springframework\boot\spring-boot-starter-logging\3.1.3\spring-boot-starter-logging-3.1.3.jar;E:\repository\ch\qos\logback\logback-classic\1.4.11\logback-classic-1.4.11.jar;E:\repository\ch\qos\logback\logback-core\1.4.11\logback-core-1.4.11.jar;E:\repository\org\apache\logging\log4j\log4j-to-slf4j\2.20.0\log4j-to-slf4j-2.20.0.jar;E:\repository\org\apache\logging\log4j\log4j-api\2.20.0\log4j-api-2.20.0.jar;E:\repository\org\slf4j\jul-to-slf4j\2.0.7\jul-to-slf4j-2.0.7.jar;E:\repository\jakarta\annotation\jakarta.annotation-api\2.1.1\jakarta.annotation-api-2.1.1.jar;E:\repository\org\springframework\spring-core\6.0.11\spring-core-6.0.11.jar;E:\repository\org\springframework\spring-jcl\6.0.11\spring-jcl-6.0.11.jar;E:\repository\org\yaml\snakeyaml\1.33\snakeyaml-1.33.jar;E:\repository\org\springframework\boot\spring-boot-starter-web\3.0.0\spring-boot-starter-web-3.0.0.jar;E:\repository\org\springframework\boot\spring-boot-starter-json\3.1.3\spring-boot-starter-json-3.1.3.jar;E:\repository\com\fasterxml\jackson\datatype\jackson-datatype-jdk8\2.15.2\jackson-datatype-jdk8-2.15.2.jar;E:\repository\com\fasterxml\jackson\datatype\jackson-datatype-jsr310\2.15.2\jackson-datatype-jsr310-2.15.2.jar;E:\repository\com\fasterxml\jackson\module\jackson-module-parameter-names\2.15.2\jackson-module-parameter-names-2.15.2.jar;E:\repository\org\springframework\boot\spring-boot-starter-tomcat\3.1.3\spring-boot-starter-tomcat-3.1.3.jar;E:\repository\org\apache\tomcat\embed\tomcat-embed-core\10.1.12\tomcat-embed-core-10.1.12.jar;E:\repository\org\apache\tomcat\embed\tomcat-embed-el\10.1.12\tomcat-embed-el-10.1.12.jar;E:\repository\org\apache\tomcat\embed\tomcat-embed-websocket\10.1.12\tomcat-embed-websocket-10.1.12.jar;E:\repository\org\springframework\spring-web\6.0.11\spring-web-6.0.11.jar;E:\repository\org\springframework\spring-beans\6.0.11\spring-beans-6.0.11.jar;E:\repository\io\micrometer\micrometer-observation\1.11.3\micrometer-observation-1.11.3.jar;E:\repository\io\micrometer\micrometer-commons\1.11.3\micrometer-commons-1.11.3.jar;E:\repository\org\springframework\spring-webmvc\6.0.11\spring-webmvc-6.0.11.jar;E:\repository\org\springframework\spring-aop\6.0.11\spring-aop-6.0.11.jar;E:\repository\org\springframework\spring-expression\6.0.11\spring-expression-6.0.11.jar;E:\repository\commons-io\commons-io\2.4\commons-io-2.4.jar;E:\repository\com\fasterxml\jackson\core\jackson-databind\2.15.2\jackson-databind-2.15.2.jar;E:\repository\com\fasterxml\jackson\core\jackson-annotations\2.15.2\jackson-annotations-2.15.2.jar;E:\repository\com\fasterxml\jackson\core\jackson-core\2.15.2\jackson-core-2.15.2.jar;E:\repository\org\mybatis\spring\boot\mybatis-spring-boot-starter\3.0.0\mybatis-spring-boot-starter-3.0.0.jar;E:\repository\org\springframework\boot\spring-boot-starter-jdbc\3.1.3\spring-boot-starter-jdbc-3.1.3.jar;E:\repository\com\zaxxer\HikariCP\5.0.1\HikariCP-5.0.1.jar;E:\repository\org\springframework\spring-jdbc\6.0.11\spring-jdbc-6.0.11.jar;E:\repository\org\springframework\spring-tx\6.0.11\spring-tx-6.0.11.jar;E:\repository\org\mybatis\spring\boot\mybatis-spring-boot-autoconfigure\3.0.0\mybatis-spring-boot-autoconfigure-3.0.0.jar;E:\repository\org\mybatis\mybatis\3.5.11\mybatis-3.5.11.jar;E:\repository\org\mybatis\mybatis-spring\3.0.0\mybatis-spring-3.0.0.jar;E:\repository\com\mysql\mysql-connector-j\8.0.33\mysql-connector-j-8.0.33.jar;E:\repository\org\apache\httpcomponents\httpclient\4.5.14\httpclient-4.5.14.jar;E:\repository\org\apache\httpcomponents\httpcore\4.4.16\httpcore-4.4.16.jar;E:\repository\commons-logging\commons-logging\1.2\commons-logging-1.2.jar;E:\repository\commons-codec\commons-codec\1.15\commons-codec-1.15.jar;E:\repository\org\projectlombok\lombok\1.18.28\lombok-1.18.28.jar;E:\repository\com\auth0\java-jwt\4.4.0\java-jwt-4.4.0.jar;E:\repository\com\github\pagehelper\pagehelper-spring-boot-starter\1.4.6\pagehelper-spring-boot-starter-1.4.6.jar;E:\repository\com\github\pagehelper\pagehelper-spring-boot-autoconfigure\1.4.6\pagehelper-spring-boot-autoconfigure-1.4.6.jar;E:\repository\com\github\pagehelper\pagehelper\5.3.2\pagehelper-5.3.2.jar;E:\repository\com\github\jsqlparser\jsqlparser\4.5\jsqlparser-4.5.jar;E:\repository\cn\hutool\hutool-all\5.7.20\hutool-all-5.7.20.jar;E:\repository\org\apache\poi\poi-ooxml\4.1.2\poi-ooxml-4.1.2.jar;E:\repository\org\apache\poi\poi\4.1.2\poi-4.1.2.jar;E:\repository\org\apache\commons\commons-collections4\4.4\commons-collections4-4.4.jar;E:\repository\org\apache\commons\commons-math3\3.6.1\commons-math3-3.6.1.jar;E:\repository\com\zaxxer\SparseBitSet\1.2\SparseBitSet-1.2.jar;E:\repository\org\apache\poi\poi-ooxml-schemas\4.1.2\poi-ooxml-schemas-4.1.2.jar;E:\repository\org\apache\xmlbeans\xmlbeans\3.1.0\xmlbeans-3.1.0.jar;E:\repository\org\apache\commons\commons-compress\1.19\commons-compress-1.19.jar;E:\repository\com\github\virtuald\curvesapi\1.06\curvesapi-1.06.jar;E:\repository\javax\servlet\javax.servlet-api\4.0.1\javax.servlet-api-4.0.1.jar;E:\repository\com\aliyun\oss\aliyun-sdk-oss\3.15.0\aliyun-sdk-oss-3.15.0.jar;E:\repository\org\jdom\jdom2\2.0.6.1\jdom2-2.0.6.1.jar;E:\repository\org\codehaus\jettison\jettison\1.1\jettison-1.1.jar;E:\repository\stax\stax-api\1.0.1\stax-api-1.0.1.jar;E:\repository\com\aliyun\aliyun-java-sdk-core\4.5.10\aliyun-java-sdk-core-4.5.10.jar;E:\repository\com\google\code\gson\gson\2.10.1\gson-2.10.1.jar;E:\repository\javax\xml\bind\jaxb-api\2.3.1\jaxb-api-2.3.1.jar;E:\repository\javax\activation\javax.activation-api\1.2.0\javax.activation-api-1.2.0.jar;E:\repository\org\jacoco\org.jacoco.agent\0.8.5\org.jacoco.agent-0.8.5-runtime.jar;E:\repository\org\ini4j\ini4j\0.5.4\ini4j-0.5.4.jar;E:\repository\org\slf4j\slf4j-api\2.0.7\slf4j-api-2.0.7.jar;E:\repository\io\opentracing\opentracing-api\0.33.0\opentracing-api-0.33.0.jar;E:\repository\io\opentracing\opentracing-util\0.33.0\opentracing-util-0.33.0.jar;E:\repository\io\opentracing\opentracing-noop\0.33.0\opentracing-noop-0.33.0.jar;E:\repository\com\aliyun\aliyun-java-sdk-ram\3.1.0\aliyun-java-sdk-ram-3.1.0.jar;E:\repository\com\aliyun\aliyun-java-sdk-kms\2.11.0\aliyun-java-sdk-kms-2.11.0.jar;E:\repository\commons-beanutils\commons-beanutils\1.9.3\commons-beanutils-1.9.3.jar;E:\repository\commons-collections\commons-collections\3.2.2\commons-collections-3.2.2.jar;"/>
    <property name="java.vm.vendor" value="Oracle Corporation"/>
    <property name="sun.arch.data.model" value="64"/>
    <property name="user.variant" value=""/>
    <property name="java.vendor.url" value="https://java.oracle.com/"/>
    <property name="user.timezone" value="Asia/Shanghai"/>
    <property name="os.name" value="Windows 11"/>
    <property name="java.vm.specification.version" value="17"/>
    <property name="sun.java.launcher" value="SUN_STANDARD"/>
    <property name="user.country" value="CN"/>
    <property name="sun.boot.library.path" value="D:\JDK\bin"/>
    <property name="sun.java.command" value="C:\Users\86182\AppData\Local\Temp\surefire6050342706818966057\surefirebooter-20240605230744552_3.jar C:\Users\86182\AppData\Local\Temp\surefire6050342706818966057 2024-06-05T23-07-44_451-jvmRun1 surefire-20240605230744552_1tmp surefire_0-20240605230744552_2tmp"/>
    <property name="jdk.debug" value="release"/>
    <property name="surefire.test.class.path" value="E:\mood 2024.6.04 CYH\target\test-classes;E:\mood 2024.6.04 CYH\target\classes;E:\repository\junit\junit\4.13.2\junit-4.13.2.jar;E:\repository\org\hamcrest\hamcrest-core\2.2\hamcrest-core-2.2.jar;E:\repository\org\hamcrest\hamcrest\2.2\hamcrest-2.2.jar;E:\repository\org\springframework\boot\spring-boot-starter\3.1.3\spring-boot-starter-3.1.3.jar;E:\repository\org\springframework\boot\spring-boot\3.1.3\spring-boot-3.1.3.jar;E:\repository\org\springframework\spring-context\6.0.11\spring-context-6.0.11.jar;E:\repository\org\springframework\boot\spring-boot-autoconfigure\3.1.3\spring-boot-autoconfigure-3.1.3.jar;E:\repository\org\springframework\boot\spring-boot-starter-logging\3.1.3\spring-boot-starter-logging-3.1.3.jar;E:\repository\ch\qos\logback\logback-classic\1.4.11\logback-classic-1.4.11.jar;E:\repository\ch\qos\logback\logback-core\1.4.11\logback-core-1.4.11.jar;E:\repository\org\apache\logging\log4j\log4j-to-slf4j\2.20.0\log4j-to-slf4j-2.20.0.jar;E:\repository\org\apache\logging\log4j\log4j-api\2.20.0\log4j-api-2.20.0.jar;E:\repository\org\slf4j\jul-to-slf4j\2.0.7\jul-to-slf4j-2.0.7.jar;E:\repository\jakarta\annotation\jakarta.annotation-api\2.1.1\jakarta.annotation-api-2.1.1.jar;E:\repository\org\springframework\spring-core\6.0.11\spring-core-6.0.11.jar;E:\repository\org\springframework\spring-jcl\6.0.11\spring-jcl-6.0.11.jar;E:\repository\org\yaml\snakeyaml\1.33\snakeyaml-1.33.jar;E:\repository\org\springframework\boot\spring-boot-starter-web\3.0.0\spring-boot-starter-web-3.0.0.jar;E:\repository\org\springframework\boot\spring-boot-starter-json\3.1.3\spring-boot-starter-json-3.1.3.jar;E:\repository\com\fasterxml\jackson\datatype\jackson-datatype-jdk8\2.15.2\jackson-datatype-jdk8-2.15.2.jar;E:\repository\com\fasterxml\jackson\datatype\jackson-datatype-jsr310\2.15.2\jackson-datatype-jsr310-2.15.2.jar;E:\repository\com\fasterxml\jackson\module\jackson-module-parameter-names\2.15.2\jackson-module-parameter-names-2.15.2.jar;E:\repository\org\springframework\boot\spring-boot-starter-tomcat\3.1.3\spring-boot-starter-tomcat-3.1.3.jar;E:\repository\org\apache\tomcat\embed\tomcat-embed-core\10.1.12\tomcat-embed-core-10.1.12.jar;E:\repository\org\apache\tomcat\embed\tomcat-embed-el\10.1.12\tomcat-embed-el-10.1.12.jar;E:\repository\org\apache\tomcat\embed\tomcat-embed-websocket\10.1.12\tomcat-embed-websocket-10.1.12.jar;E:\repository\org\springframework\spring-web\6.0.11\spring-web-6.0.11.jar;E:\repository\org\springframework\spring-beans\6.0.11\spring-beans-6.0.11.jar;E:\repository\io\micrometer\micrometer-observation\1.11.3\micrometer-observation-1.11.3.jar;E:\repository\io\micrometer\micrometer-commons\1.11.3\micrometer-commons-1.11.3.jar;E:\repository\org\springframework\spring-webmvc\6.0.11\spring-webmvc-6.0.11.jar;E:\repository\org\springframework\spring-aop\6.0.11\spring-aop-6.0.11.jar;E:\repository\org\springframework\spring-expression\6.0.11\spring-expression-6.0.11.jar;E:\repository\commons-io\commons-io\2.4\commons-io-2.4.jar;E:\repository\com\fasterxml\jackson\core\jackson-databind\2.15.2\jackson-databind-2.15.2.jar;E:\repository\com\fasterxml\jackson\core\jackson-annotations\2.15.2\jackson-annotations-2.15.2.jar;E:\repository\com\fasterxml\jackson\core\jackson-core\2.15.2\jackson-core-2.15.2.jar;E:\repository\org\mybatis\spring\boot\mybatis-spring-boot-starter\3.0.0\mybatis-spring-boot-starter-3.0.0.jar;E:\repository\org\springframework\boot\spring-boot-starter-jdbc\3.1.3\spring-boot-starter-jdbc-3.1.3.jar;E:\repository\com\zaxxer\HikariCP\5.0.1\HikariCP-5.0.1.jar;E:\repository\org\springframework\spring-jdbc\6.0.11\spring-jdbc-6.0.11.jar;E:\repository\org\springframework\spring-tx\6.0.11\spring-tx-6.0.11.jar;E:\repository\org\mybatis\spring\boot\mybatis-spring-boot-autoconfigure\3.0.0\mybatis-spring-boot-autoconfigure-3.0.0.jar;E:\repository\org\mybatis\mybatis\3.5.11\mybatis-3.5.11.jar;E:\repository\org\mybatis\mybatis-spring\3.0.0\mybatis-spring-3.0.0.jar;E:\repository\com\mysql\mysql-connector-j\8.0.33\mysql-connector-j-8.0.33.jar;E:\repository\org\apache\httpcomponents\httpclient\4.5.14\httpclient-4.5.14.jar;E:\repository\org\apache\httpcomponents\httpcore\4.4.16\httpcore-4.4.16.jar;E:\repository\commons-logging\commons-logging\1.2\commons-logging-1.2.jar;E:\repository\commons-codec\commons-codec\1.15\commons-codec-1.15.jar;E:\repository\org\projectlombok\lombok\1.18.28\lombok-1.18.28.jar;E:\repository\com\auth0\java-jwt\4.4.0\java-jwt-4.4.0.jar;E:\repository\com\github\pagehelper\pagehelper-spring-boot-starter\1.4.6\pagehelper-spring-boot-starter-1.4.6.jar;E:\repository\com\github\pagehelper\pagehelper-spring-boot-autoconfigure\1.4.6\pagehelper-spring-boot-autoconfigure-1.4.6.jar;E:\repository\com\github\pagehelper\pagehelper\5.3.2\pagehelper-5.3.2.jar;E:\repository\com\github\jsqlparser\jsqlparser\4.5\jsqlparser-4.5.jar;E:\repository\cn\hutool\hutool-all\5.7.20\hutool-all-5.7.20.jar;E:\repository\org\apache\poi\poi-ooxml\4.1.2\poi-ooxml-4.1.2.jar;E:\repository\org\apache\poi\poi\4.1.2\poi-4.1.2.jar;E:\repository\org\apache\commons\commons-collections4\4.4\commons-collections4-4.4.jar;E:\repository\org\apache\commons\commons-math3\3.6.1\commons-math3-3.6.1.jar;E:\repository\com\zaxxer\SparseBitSet\1.2\SparseBitSet-1.2.jar;E:\repository\org\apache\poi\poi-ooxml-schemas\4.1.2\poi-ooxml-schemas-4.1.2.jar;E:\repository\org\apache\xmlbeans\xmlbeans\3.1.0\xmlbeans-3.1.0.jar;E:\repository\org\apache\commons\commons-compress\1.19\commons-compress-1.19.jar;E:\repository\com\github\virtuald\curvesapi\1.06\curvesapi-1.06.jar;E:\repository\javax\servlet\javax.servlet-api\4.0.1\javax.servlet-api-4.0.1.jar;E:\repository\com\aliyun\oss\aliyun-sdk-oss\3.15.0\aliyun-sdk-oss-3.15.0.jar;E:\repository\org\jdom\jdom2\2.0.6.1\jdom2-2.0.6.1.jar;E:\repository\org\codehaus\jettison\jettison\1.1\jettison-1.1.jar;E:\repository\stax\stax-api\1.0.1\stax-api-1.0.1.jar;E:\repository\com\aliyun\aliyun-java-sdk-core\4.5.10\aliyun-java-sdk-core-4.5.10.jar;E:\repository\com\google\code\gson\gson\2.10.1\gson-2.10.1.jar;E:\repository\javax\xml\bind\jaxb-api\2.3.1\jaxb-api-2.3.1.jar;E:\repository\javax\activation\javax.activation-api\1.2.0\javax.activation-api-1.2.0.jar;E:\repository\org\jacoco\org.jacoco.agent\0.8.5\org.jacoco.agent-0.8.5-runtime.jar;E:\repository\org\ini4j\ini4j\0.5.4\ini4j-0.5.4.jar;E:\repository\org\slf4j\slf4j-api\2.0.7\slf4j-api-2.0.7.jar;E:\repository\io\opentracing\opentracing-api\0.33.0\opentracing-api-0.33.0.jar;E:\repository\io\opentracing\opentracing-util\0.33.0\opentracing-util-0.33.0.jar;E:\repository\io\opentracing\opentracing-noop\0.33.0\opentracing-noop-0.33.0.jar;E:\repository\com\aliyun\aliyun-java-sdk-ram\3.1.0\aliyun-java-sdk-ram-3.1.0.jar;E:\repository\com\aliyun\aliyun-java-sdk-kms\2.11.0\aliyun-java-sdk-kms-2.11.0.jar;E:\repository\commons-beanutils\commons-beanutils\1.9.3\commons-beanutils-1.9.3.jar;E:\repository\commons-collections\commons-collections\3.2.2\commons-collections-3.2.2.jar;"/>
    <property name="sun.cpu.endian" value="little"/>
    <property name="user.home" value="C:\Users\86182"/>
    <property name="user.language" value="zh"/>
    <property name="java.specification.vendor" value="Oracle Corporation"/>
    <property name="java.version.date" value="2023-04-18"/>
    <property name="java.home" value="D:\JDK"/>
    <property name="file.separator" value="\"/>
    <property name="basedir" value="E:\mood 2024.6.04 CYH"/>
    <property name="java.vm.compressedOopsMode" value="Zero based"/>
    <property name="line.separator" value="&#10;"/>
    <property name="java.vm.specification.vendor" value="Oracle Corporation"/>
    <property name="java.specification.name" value="Java Platform API Specification"/>
    <property name="surefire.real.class.path" value="C:\Users\86182\AppData\Local\Temp\surefire6050342706818966057\surefirebooter-20240605230744552_3.jar"/>
    <property name="user.script" value=""/>
    <property name="sun.management.compiler" value="HotSpot 64-Bit Tiered Compilers"/>
    <property name="java.runtime.version" value="17.0.7+8-LTS-224"/>
    <property name="user.name" value="86182"/>
    <property name="path.separator" value=";"/>
    <property name="os.version" value="10.0"/>
    <property name="java.runtime.name" value="Java(TM) SE Runtime Environment"/>
    <property name="file.encoding" value="GBK"/>
    <property name="java.vm.name" value="Java HotSpot(TM) 64-Bit Server VM"/>
    <property name="localRepository" value="E:\repository"/>
    <property name="java.vendor.url.bug" value="https://bugreport.java.com/bugreport/"/>
    <property name="java.io.tmpdir" value="C:\Users\86182\AppData\Local\Temp\"/>
    <property name="idea.version" value="2023.1.6"/>
    <property name="java.version" value="17.0.7"/>
    <property name="user.dir" value="E:\mood 2024.6.04 CYH"/>
    <property name="os.arch" value="amd64"/>
    <property name="java.vm.specification.name" value="Java Virtual Machine Specification"/>
    <property name="sun.os.patch.level" value=""/>
    <property name="native.encoding" value="GBK"/>
    <property name="java.library.path" value="D:\JDK\bin;C:\WINDOWS\Sun\Java\bin;C:\WINDOWS\system32;C:\WINDOWS;D:\Cmake\bin;D:\JDK\bin;D:\vcpkg;D:\MinGW\mingw64\bin;D:\MinGW\mingw64\bin;D:\Git\Git\cmd;C:\WINDOWS\system32;D:\MySQL\mysql-8.1.0-winx64;D:\MySQL\mysql-8.1.0-winx64\bin;D:\JDK\bin;C:\Windows\System32\OpenSSH;C:\Users\86182\AppData\Local\Microsoft\WindowsApps\python.exe;C:\Users\86182\AppData\Local\Packages\PythonSoftwareFoundation.Python.3.11_qbz5n2kfra8p0\LocalCache\local-packages\Python311\Scripts;C:\Users\86182\AppData\Local\Packages\PythonSoftwareFoundation.Python.3.11_qbz5n2kfra8p0\LocalCache\local-packages\Python311\Scripts\pandora.exe;C:\Users\86182\AppData\Local\Packages\PythonSoftwareFoundation.Python.3.11_qbz5n2kfra8p0\LocalCache\local-packages\Python311\site-packages\pandora;D:\MATLAB\bin;D:\MATLAB\bin\win64;E:\miniconda3;E:\miniconda3\Scripts;E:\miniconda3\Library\bin;E:\apache-maven-3.6.3\apache-maven-3.6.3\bin;E:\微信web开发者工具\dll;E:\nodejs\;E:\nodejs\node_global;D:\httpd-2.4.58-win32-vs17\Apache24\bin;D:\httpd-2.4.58-win32-vs17\Apache24;E:\php-8.2.5-Win32-vs16-x64\ext;E:\Xshell 7\;E:\EasyShare\x86\;E:\EasyShare\x64\;C:\Program Files\dotnet\;D:\Tomcat\bin;E:\AndroidSDK\platform-tools;E:\redis;C:\Users\86182\AppData\Local\Microsoft\WindowsApps;C:\Program Files\JetBrains\PyCharm Community Edition 2021.3.2\bin;;C:\Users\86182\miniconda3\Lib\site-packages\conda\shell\Scripts;;D:\VScode\Microsoft VS Code\bin;D:\DataGrip\DataGrip 2023.2.1\bin;;D:\JetBrains\PyCharm 2023.2.1\bin;;C:\Users\86182\AppData\Roaming\npm;E:\PhpStorm 2023.2.3\bin;;."/>
    <property name="java.vm.info" value="mixed mode, sharing"/>
    <property name="java.vendor" value="Oracle Corporation"/>
    <property name="java.vm.version" value="17.0.7+8-LTS-224"/>
    <property name="sun.io.unicode.encoding" value="UnicodeLittle"/>
    <property name="java.class.version" value="61.0"/>
  </properties>
  <testcase name="testApp" classname="com.project.AppTest" time="0"/>
</testsuite>